Release 14.6 - xst P.68d (nt64)
Copyright (c) 1995-2013 Xilinx, Inc.  All rights reserved.
--> Parameter TMPDIR set to xst/projnav.tmp


Total REAL time to Xst completion: 0.00 secs
Total CPU time to Xst completion: 0.09 secs
 
--> Parameter xsthdpdir set to xst


Total REAL time to Xst completion: 0.00 secs
Total CPU time to Xst completion: 0.09 secs
 
--> Reading design: oled.prj

TABLE OF CONTENTS
  1) Synthesis Options Summary
  2) HDL Parsing
  3) HDL Elaboration
  4) HDL Synthesis
       4.1) HDL Synthesis Report
  5) Advanced HDL Synthesis
       5.1) Advanced HDL Synthesis Report
  6) Low Level Synthesis
  7) Partition Report
  8) Design Summary
       8.1) Primitive and Black Box Usage
       8.2) Device utilization summary
       8.3) Partition Resource Summary
       8.4) Timing Report
            8.4.1) Clock Information
            8.4.2) Asynchronous Control Signals Information
            8.4.3) Timing Summary
            8.4.4) Timing Details
            8.4.5) Cross Clock Domains Report


=========================================================================
*                      Synthesis Options Summary                        *
=========================================================================
---- Source Parameters
Input File Name                    : "oled.prj"
Ignore Synthesis Constraint File   : NO

---- Target Parameters
Output File Name                   : "oled"
Output Format                      : NGC
Target Device                      : xc7z020-1-clg484

---- Source Options
Top Module Name                    : oled
Automatic FSM Extraction           : YES
FSM Encoding Algorithm             : Auto
Safe Implementation                : No
FSM Style                          : LUT
RAM Extraction                     : Yes
RAM Style                          : Auto
ROM Extraction                     : Yes
Shift Register Extraction          : YES
ROM Style                          : Auto
Resource Sharing                   : YES
Asynchronous To Synchronous        : NO
Shift Register Minimum Size        : 2
Use DSP Block                      : Auto
Automatic Register Balancing       : No

---- Target Options
LUT Combining                      : Auto
Reduce Control Sets                : Auto
Add IO Buffers                     : YES
Global Maximum Fanout              : 100000
Add Generic Clock Buffer(BUFG)     : 32
Register Duplication               : YES
Optimize Instantiated Primitives   : NO
Use Clock Enable                   : Auto
Use Synchronous Set                : Auto
Use Synchronous Reset              : Auto
Pack IO Registers into IOBs        : Auto
Equivalent register Removal        : YES

---- General Options
Optimization Goal                  : Speed
Optimization Effort                : 1
Power Reduction                    : NO
Keep Hierarchy                     : No
Netlist Hierarchy                  : As_Optimized
RTL Output                         : Yes
Global Optimization                : AllClockNets
Read Cores                         : YES
Write Timing Constraints           : NO
Cross Clock Analysis               : NO
Hierarchy Separator                : /
Bus Delimiter                      : <>
Case Specifier                     : Maintain
Slice Utilization Ratio            : 100
BRAM Utilization Ratio             : 100
DSP48 Utilization Ratio            : 100
Auto BRAM Packing                  : NO
Slice Utilization Ratio Delta      : 5

=========================================================================


=========================================================================
*                          HDL Parsing                                  *
=========================================================================
Analyzing Verilog file "C:\xup\Zed\OledIp\OledIp.srcs\sources_1\edk\system\pcores\oled_v1_00_a\hdl\verilog\user_logic.v" into library work
Parsing module <user_logic>.
Parsing VHDL file "D:/Xilinx/14.6/ISE_DS/EDK/hw/XilinxProcessorIPLib/pcores/proc_common_v3_00_a/hdl/vhdl/proc_common_pkg.vhd" into library proc_common_v3_00_a
Parsing package <proc_common_pkg>.
Parsing package body <proc_common_pkg>.
Parsing VHDL file "D:/Xilinx/14.6/ISE_DS/EDK/hw/XilinxProcessorIPLib/pcores/proc_common_v3_00_a/hdl/vhdl/family_support.vhd" into library proc_common_v3_00_a
Parsing package <family_support>.
Parsing package body <family_support>.
Parsing VHDL file "D:/Xilinx/14.6/ISE_DS/EDK/hw/XilinxProcessorIPLib/pcores/proc_common_v3_00_a/hdl/vhdl/pselect_f.vhd" into library proc_common_v3_00_a
Parsing entity <pselect_f>.
Parsing architecture <imp> of entity <pselect_f>.
Parsing VHDL file "D:/Xilinx/14.6/ISE_DS/EDK/hw/XilinxProcessorIPLib/pcores/proc_common_v3_00_a/hdl/vhdl/ipif_pkg.vhd" into library proc_common_v3_00_a
Parsing package <ipif_pkg>.
Parsing package body <ipif_pkg>.
Parsing VHDL file "D:/Xilinx/14.6/ISE_DS/EDK/hw/XilinxProcessorIPLib/pcores/proc_common_v3_00_a/hdl/vhdl/counter_f.vhd" into library proc_common_v3_00_a
Parsing entity <counter_f>.
Parsing architecture <imp> of entity <counter_f>.
Parsing VHDL file "D:/Xilinx/14.6/ISE_DS/EDK/hw/XilinxProcessorIPLib/pcores/axi_lite_ipif_v1_01_a/hdl/vhdl/address_decoder.vhd" into library axi_lite_ipif_v1_01_a
Parsing entity <address_decoder>.
Parsing architecture <IMP> of entity <address_decoder>.
Parsing VHDL file "D:/Xilinx/14.6/ISE_DS/EDK/hw/XilinxProcessorIPLib/pcores/axi_lite_ipif_v1_01_a/hdl/vhdl/slave_attachment.vhd" into library axi_lite_ipif_v1_01_a
Parsing entity <slave_attachment>.
Parsing architecture <imp> of entity <slave_attachment>.
Parsing VHDL file "D:/Xilinx/14.6/ISE_DS/EDK/hw/XilinxProcessorIPLib/pcores/proc_common_v3_00_a/hdl/vhdl/soft_reset.vhd" into library proc_common_v3_00_a
Parsing entity <soft_reset>.
Parsing architecture <implementation> of entity <soft_reset>.
Parsing VHDL file "D:/Xilinx/14.6/ISE_DS/EDK/hw/XilinxProcessorIPLib/pcores/axi_lite_ipif_v1_01_a/hdl/vhdl/axi_lite_ipif.vhd" into library axi_lite_ipif_v1_01_a
Parsing entity <axi_lite_ipif>.
Parsing architecture <imp> of entity <axi_lite_ipif>.
Parsing VHDL file "C:\xup\Zed\OledIp\OledIp.srcs\sources_1\edk\system\pcores\oled_v1_00_a\hdl\vhdl\oled.vhd" into library work
Parsing entity <oled>.
Parsing architecture <IMP> of entity <oled>.

=========================================================================
*                            HDL Elaboration                            *
=========================================================================

Elaborating entity <oled> (architecture <IMP>) with generics from library <work>.

Elaborating entity <axi_lite_ipif> (architecture <imp>) with generics from library <axi_lite_ipif_v1_01_a>.

Elaborating entity <slave_attachment> (architecture <imp>) with generics from library <axi_lite_ipif_v1_01_a>.

Elaborating entity <address_decoder> (architecture <IMP>) with generics from library <axi_lite_ipif_v1_01_a>.

Elaborating entity <pselect_f> (architecture <imp>) with generics from library <proc_common_v3_00_a>.
INFO:HDLCompiler:679 - "D:/Xilinx/14.6/ISE_DS/EDK/hw/XilinxProcessorIPLib/pcores/axi_lite_ipif_v1_01_a/hdl/vhdl/slave_attachment.vhd" Line 417. Case statement is complete. others clause is never selected

Elaborating entity <soft_reset> (architecture <implementation>) with generics from library <proc_common_v3_00_a>.
Going to verilog side to elaborate module user_logic

Elaborating module <user_logic(C_NUM_REG=1,C_SLV_DWIDTH=32)>.
Back to vhdl to continue elaboration

=========================================================================
*                           HDL Synthesis                               *
=========================================================================

Synthesizing Unit <oled>.
    Related source file is "C:\xup\Zed\OledIp\OledIp.srcs\sources_1\edk\system\pcores\oled_v1_00_a\hdl\vhdl\oled.vhd".
WARNING:Xst:37 - Detected unknown constraint/property "sigis". This constraint/property is not supported by the current software release and will be ignored.
WARNING:Xst:37 - Detected unknown constraint/property "sigis". This constraint/property is not supported by the current software release and will be ignored.
        C_S_AXI_DATA_WIDTH = 32
        C_S_AXI_ADDR_WIDTH = 32
        C_S_AXI_MIN_SIZE = "00000000000000000000000111111111"
        C_USE_WSTRB = 0
        C_DPHASE_TIMEOUT = 8
        C_BASEADDR = "11111111111111111111111111111111"
        C_HIGHADDR = "00000000000000000000000000000000"
        C_FAMILY = "virtex6"
        C_NUM_REG = 1
        C_NUM_MEM = 1
        C_SLV_AWIDTH = 32
        C_SLV_DWIDTH = 32
    Set property "MAX_FANOUT = 10000" for signal <S_AXI_ACLK>.
WARNING:Xst:37 - Detected unknown constraint/property "sigis". This constraint/property is not supported by the current software release and will be ignored.
    Set property "MAX_FANOUT = 10000" for signal <S_AXI_ARESETN>.
WARNING:Xst:37 - Detected unknown constraint/property "sigis". This constraint/property is not supported by the current software release and will be ignored.
INFO:Xst:3210 - "C:\xup\Zed\OledIp\OledIp.srcs\sources_1\edk\system\pcores\oled_v1_00_a\hdl\vhdl\oled.vhd" line 296: Output port <Bus2IP_Addr> of the instance <AXI_LITE_IPIF_I> is unconnected or connected to loadless signal.
INFO:Xst:3210 - "C:\xup\Zed\OledIp\OledIp.srcs\sources_1\edk\system\pcores\oled_v1_00_a\hdl\vhdl\oled.vhd" line 296: Output port <Bus2IP_RNW> of the instance <AXI_LITE_IPIF_I> is unconnected or connected to loadless signal.
INFO:Xst:3210 - "C:\xup\Zed\OledIp\OledIp.srcs\sources_1\edk\system\pcores\oled_v1_00_a\hdl\vhdl\oled.vhd" line 347: Output port <Reset2Bus_ToutSup> of the instance <SOFT_RESET_I> is unconnected or connected to loadless signal.
    Summary:
	inferred   1 Multiplexer(s).
Unit <oled> synthesized.

Synthesizing Unit <axi_lite_ipif>.
    Related source file is "D:/Xilinx/14.6/ISE_DS/EDK/hw/XilinxProcessorIPLib/pcores/axi_lite_ipif_v1_01_a/hdl/vhdl/axi_lite_ipif.vhd".
        C_S_AXI_DATA_WIDTH = 32
        C_S_AXI_ADDR_WIDTH = 32
        C_S_AXI_MIN_SIZE = "00000000000000000000000111111111"
        C_USE_WSTRB = 0
        C_DPHASE_TIMEOUT = 8
        C_ARD_ADDR_RANGE_ARRAY = ("0000000000000000000000000000000011111111111111111111111111111111","0000000000000000000000000000000011111111111111111111111111111111","0000000000000000000000000000000011111111111111111111111111111111","0000000000000000000000000000000011111111111111111111111111111111")
        C_ARD_NUM_CE_ARRAY = (1,1)
        C_FAMILY = "virtex6"
    Summary:
	no macro.
Unit <axi_lite_ipif> synthesized.

Synthesizing Unit <slave_attachment>.
    Related source file is "D:/Xilinx/14.6/ISE_DS/EDK/hw/XilinxProcessorIPLib/pcores/axi_lite_ipif_v1_01_a/hdl/vhdl/slave_attachment.vhd".
        C_ARD_ADDR_RANGE_ARRAY = ("0000000000000000000000000000000011111111111111111111111111111111","0000000000000000000000000000000011111111111111111111111111111111","0000000000000000000000000000000011111111111111111111111111111111","0000000000000000000000000000000011111111111111111111111111111111")
        C_ARD_NUM_CE_ARRAY = (1,1)
        C_IPIF_ABUS_WIDTH = 32
        C_IPIF_DBUS_WIDTH = 32
        C_S_AXI_MIN_SIZE = "00000000000000000000000111111111"
        C_USE_WSTRB = 0
        C_DPHASE_TIMEOUT = 8
        C_FAMILY = "virtex6"
WARNING:Xst:647 - Input <S_AXI_AWADDR<31:9>> is never used. This port will be preserved and left unconnected if it belongs to a top-level block or it belongs to a sub-block and the hierarchy of this sub-block is preserved.
WARNING:Xst:647 - Input <S_AXI_WSTRB> is never used. This port will be preserved and left unconnected if it belongs to a top-level block or it belongs to a sub-block and the hierarchy of this sub-block is preserved.
WARNING:Xst:647 - Input <S_AXI_ARADDR<31:9>> is never used. This port will be preserved and left unconnected if it belongs to a top-level block or it belongs to a sub-block and the hierarchy of this sub-block is preserved.
INFO:Xst:3210 - "D:/Xilinx/14.6/ISE_DS/EDK/hw/XilinxProcessorIPLib/pcores/axi_lite_ipif_v1_01_a/hdl/vhdl/slave_attachment.vhd" line 341: Output port <CS_for_gaps> of the instance <I_DECODER> is unconnected or connected to loadless signal.
    Found 2-bit register for signal <state>.
    Found 2-bit register for signal <s_axi_rresp_i>.
    Found 32-bit register for signal <s_axi_rdata_i>.
    Found 1-bit register for signal <s_axi_rvalid_i>.
    Found 2-bit register for signal <s_axi_bresp_i>.
    Found 1-bit register for signal <s_axi_bvalid_i>.
    Found 4-bit register for signal <INCLUDE_DPHASE_TIMER.dpto_cnt>.
    Found 1-bit register for signal <rst>.
    Found finite state machine <FSM_0> for signal <state>.
    -----------------------------------------------------------------------
    | States             | 4                                              |
    | Transitions        | 10                                             |
    | Inputs             | 6                                              |
    | Outputs            | 4                                              |
    | Clock              | S_AXI_ACLK (rising_edge)                       |
    | Reset              | rst (positive)                                 |
    | Reset type         | synchronous                                    |
    | Reset State        | sm_idle                                        |
    | Power Up State     | sm_idle                                        |
    | Encoding           | auto                                           |
    | Implementation     | LUT                                            |
    -----------------------------------------------------------------------
    Found 4-bit adder for signal <INCLUDE_DPHASE_TIMER.dpto_cnt[3]_GND_12_o_add_31_OUT> created at line 507.
    Summary:
	inferred   1 Adder/Subtractor(s).
	inferred  43 D-type flip-flop(s).
	inferred   2 Multiplexer(s).
	inferred   1 Finite State Machine(s).
Unit <slave_attachment> synthesized.

Synthesizing Unit <address_decoder>.
    Related source file is "D:/Xilinx/14.6/ISE_DS/EDK/hw/XilinxProcessorIPLib/pcores/axi_lite_ipif_v1_01_a/hdl/vhdl/address_decoder.vhd".
        C_BUS_AWIDTH = 9
        C_S_AXI_MIN_SIZE = "00000000000000000000000111111111"
        C_ARD_ADDR_RANGE_ARRAY = ("0000000000000000000000000000000011111111111111111111111111111111","0000000000000000000000000000000011111111111111111111111111111111","0000000000000000000000000000000011111111111111111111111111111111","0000000000000000000000000000000011111111111111111111111111111111")
        C_ARD_NUM_CE_ARRAY = (1,1)
        C_FAMILY = "nofamily"
WARNING:Xst:647 - Input <Bus_RNW> is never used. This port will be preserved and left unconnected if it belongs to a top-level block or it belongs to a sub-block and the hierarchy of this sub-block is preserved.
    Found 1-bit register for signal <cs_out_i<1>>.
    Found 1-bit register for signal <Bus_RNW_reg>.
    Found 1-bit register for signal <ce_out_i<0>>.
    Found 1-bit register for signal <ce_out_i<1>>.
    Found 1-bit register for signal <cs_out_i<0>>.
    Summary:
	inferred   5 D-type flip-flop(s).
Unit <address_decoder> synthesized.

Synthesizing Unit <pselect_f>.
    Related source file is "D:/Xilinx/14.6/ISE_DS/EDK/hw/XilinxProcessorIPLib/pcores/proc_common_v3_00_a/hdl/vhdl/pselect_f.vhd".
        C_AB = 9
        C_AW = 9
        C_BAR = "111111111"
        C_FAMILY = "nofamily"
    Summary:
	inferred   1 Multiplexer(s).
Unit <pselect_f> synthesized.

Synthesizing Unit <soft_reset>.
    Related source file is "D:/Xilinx/14.6/ISE_DS/EDK/hw/XilinxProcessorIPLib/pcores/proc_common_v3_00_a/hdl/vhdl/soft_reset.vhd".
        C_SIPIF_DWIDTH = 32
        C_RESET_WIDTH = 8
WARNING:Xst:647 - Input <Bus2IP_Data<0:27>> is never used. This port will be preserved and left unconnected if it belongs to a top-level block or it belongs to a sub-block and the hierarchy of this sub-block is preserved.
WARNING:Xst:647 - Input <Bus2IP_BE<0:2>> is never used. This port will be preserved and left unconnected if it belongs to a top-level block or it belongs to a sub-block and the hierarchy of this sub-block is preserved.
    Found 1-bit register for signal <reset_trig>.
    Found 1-bit register for signal <sw_rst_cond_d1>.
    Summary:
	inferred   2 D-type flip-flop(s).
Unit <soft_reset> synthesized.

Synthesizing Unit <user_logic>.
    Related source file is "C:\xup\Zed\OledIp\OledIp.srcs\sources_1\edk\system\pcores\oled_v1_00_a\hdl\verilog\user_logic.v".
        C_NUM_REG = 1
        C_SLV_DWIDTH = 32
    Found 1-bit register for signal <slv_reg0<31>>.
    Found 1-bit register for signal <slv_reg0<30>>.
    Found 1-bit register for signal <slv_reg0<29>>.
    Found 1-bit register for signal <slv_reg0<28>>.
    Found 1-bit register for signal <slv_reg0<27>>.
    Found 1-bit register for signal <slv_reg0<26>>.
    Found 1-bit register for signal <slv_reg0<25>>.
    Found 1-bit register for signal <slv_reg0<24>>.
    Found 1-bit register for signal <slv_reg0<23>>.
    Found 1-bit register for signal <slv_reg0<22>>.
    Found 1-bit register for signal <slv_reg0<21>>.
    Found 1-bit register for signal <slv_reg0<20>>.
    Found 1-bit register for signal <slv_reg0<19>>.
    Found 1-bit register for signal <slv_reg0<18>>.
    Found 1-bit register for signal <slv_reg0<17>>.
    Found 1-bit register for signal <slv_reg0<16>>.
    Found 1-bit register for signal <slv_reg0<15>>.
    Found 1-bit register for signal <slv_reg0<14>>.
    Found 1-bit register for signal <slv_reg0<13>>.
    Found 1-bit register for signal <slv_reg0<12>>.
    Found 1-bit register for signal <slv_reg0<11>>.
    Found 1-bit register for signal <slv_reg0<10>>.
    Found 1-bit register for signal <slv_reg0<9>>.
    Found 1-bit register for signal <slv_reg0<8>>.
    Found 1-bit register for signal <slv_reg0<7>>.
    Found 1-bit register for signal <slv_reg0<6>>.
    Found 1-bit register for signal <slv_reg0<5>>.
    Found 1-bit register for signal <slv_reg0<4>>.
    Found 1-bit register for signal <slv_reg0<3>>.
    Found 1-bit register for signal <slv_reg0<2>>.
    Found 1-bit register for signal <slv_reg0<1>>.
    Found 1-bit register for signal <slv_reg0<0>>.
    Found 6-bit register for signal <OLED>.
    Summary:
	inferred  38 D-type flip-flop(s).
	inferred  35 Multiplexer(s).
Unit <user_logic> synthesized.

=========================================================================
HDL Synthesis Report

Macro Statistics
# Adders/Subtractors                                   : 1
 4-bit adder                                           : 1
# Registers                                            : 41
 1-bit register                                        : 34
 2-bit register                                        : 3
 32-bit register                                       : 1
 4-bit register                                        : 1
 6-bit register                                        : 2
# Multiplexers                                         : 40
 1-bit 2-to-1 multiplexer                              : 35
 32-bit 2-to-1 multiplexer                             : 5
# FSMs                                                 : 1

=========================================================================

=========================================================================
*                       Advanced HDL Synthesis                          *
=========================================================================

WARNING:Xst:1293 - FF/Latch <s_axi_bresp_i_0> has a constant value of 0 in block <I_SLAVE_ATTACHMENT>. This FF/Latch will be trimmed during the optimization process.
WARNING:Xst:1293 - FF/Latch <s_axi_rresp_i_0> has a constant value of 0 in block <I_SLAVE_ATTACHMENT>. This FF/Latch will be trimmed during the optimization process.

Synthesizing (advanced) Unit <slave_attachment>.
The following registers are absorbed into counter <INCLUDE_DPHASE_TIMER.dpto_cnt>: 1 register on signal <INCLUDE_DPHASE_TIMER.dpto_cnt>.
Unit <slave_attachment> synthesized (advanced).

=========================================================================
Advanced HDL Synthesis Report

Macro Statistics
# Counters                                             : 1
 4-bit up counter                                      : 1
# Registers                                            : 93
 Flip-Flops                                            : 93
# Multiplexers                                         : 38
 1-bit 2-to-1 multiplexer                              : 33
 32-bit 2-to-1 multiplexer                             : 5
# FSMs                                                 : 1

=========================================================================

=========================================================================
*                         Low Level Synthesis                           *
=========================================================================
WARNING:Xst:1989 - Unit <address_decoder>: instances <MEM_DECODE_GEN[0].GEN_FOR_MULTI_CS.MEM_SELECT_I>, <MEM_DECODE_GEN[1].GEN_FOR_MULTI_CS.MEM_SELECT_I> of unit <pselect_f> are equivalent, second instance is removed
WARNING:Xst:1293 - FF/Latch <s_axi_rresp_i_0> has a constant value of 0 in block <slave_attachment>. This FF/Latch will be trimmed during the optimization process.
WARNING:Xst:1896 - Due to other FF/Latch trimming, FF/Latch <s_axi_bresp_i_0> has a constant value of 0 in block <slave_attachment>. This FF/Latch will be trimmed during the optimization process.
INFO:Xst:2261 - The FF/Latch <ce_out_i_0> in Unit <address_decoder> is equivalent to the following FF/Latch, which will be removed : <ce_out_i_1> 
INFO:Xst:2261 - The FF/Latch <cs_out_i_1> in Unit <address_decoder> is equivalent to the following FF/Latch, which will be removed : <cs_out_i_0> 
INFO:Xst:2261 - The FF/Latch <I_DECODER/ce_out_i_0> in Unit <slave_attachment> is equivalent to the following FF/Latch, which will be removed : <I_DECODER/cs_out_i_1> 
Analyzing FSM <MFsm> for best encoding.
Optimizing FSM <AXI_LITE_IPIF_I/I_SLAVE_ATTACHMENT/FSM_0> on signal <state[1:2]> with user encoding.
----------------------
 State    | Encoding
----------------------
 sm_idle  | 00
 sm_read  | 01
 sm_write | 10
 sm_resp  | 11
----------------------

Optimizing unit <oled> ...

Optimizing unit <slave_attachment> ...

Optimizing unit <soft_reset> ...

Optimizing unit <user_logic> ...
WARNING:Xst:1293 - FF/Latch <AXI_LITE_IPIF_I/I_SLAVE_ATTACHMENT/s_axi_rdata_i_0> has a constant value of 0 in block <oled>. This FF/Latch will be trimmed during the optimization process.
WARNING:Xst:1896 - Due to other FF/Latch trimming, FF/Latch <AXI_LITE_IPIF_I/I_SLAVE_ATTACHMENT/s_axi_rdata_i_1> has a constant value of 0 in block <oled>. This FF/Latch will be trimmed during the optimization process.
WARNING:Xst:1896 - Due to other FF/Latch trimming, FF/Latch <AXI_LITE_IPIF_I/I_SLAVE_ATTACHMENT/s_axi_rdata_i_2> has a constant value of 0 in block <oled>. This FF/Latch will be trimmed during the optimization process.
WARNING:Xst:1896 - Due to other FF/Latch trimming, FF/Latch <AXI_LITE_IPIF_I/I_SLAVE_ATTACHMENT/s_axi_rdata_i_3> has a constant value of 0 in block <oled>. This FF/Latch will be trimmed during the optimization process.
WARNING:Xst:1896 - Due to other FF/Latch trimming, FF/Latch <AXI_LITE_IPIF_I/I_SLAVE_ATTACHMENT/s_axi_rdata_i_4> has a constant value of 0 in block <oled>. This FF/Latch will be trimmed during the optimization process.
WARNING:Xst:1896 - Due to other FF/Latch trimming, FF/Latch <AXI_LITE_IPIF_I/I_SLAVE_ATTACHMENT/s_axi_rdata_i_5> has a constant value of 0 in block <oled>. This FF/Latch will be trimmed during the optimization process.
WARNING:Xst:1896 - Due to other FF/Latch trimming, FF/Latch <AXI_LITE_IPIF_I/I_SLAVE_ATTACHMENT/s_axi_rdata_i_6> has a constant value of 0 in block <oled>. This FF/Latch will be trimmed during the optimization process.
WARNING:Xst:1896 - Due to other FF/Latch trimming, FF/Latch <AXI_LITE_IPIF_I/I_SLAVE_ATTACHMENT/s_axi_rdata_i_7> has a constant value of 0 in block <oled>. This FF/Latch will be trimmed during the optimization process.
WARNING:Xst:1896 - Due to other FF/Latch trimming, FF/Latch <AXI_LITE_IPIF_I/I_SLAVE_ATTACHMENT/s_axi_rdata_i_8> has a constant value of 0 in block <oled>. This FF/Latch will be trimmed during the optimization process.
WARNING:Xst:1896 - Due to other FF/Latch trimming, FF/Latch <AXI_LITE_IPIF_I/I_SLAVE_ATTACHMENT/s_axi_rdata_i_9> has a constant value of 0 in block <oled>. This FF/Latch will be trimmed during the optimization process.
WARNING:Xst:1896 - Due to other FF/Latch trimming, FF/Latch <AXI_LITE_IPIF_I/I_SLAVE_ATTACHMENT/s_axi_rdata_i_10> has a constant value of 0 in block <oled>. This FF/Latch will be trimmed during the optimization process.
WARNING:Xst:1896 - Due to other FF/Latch trimming, FF/Latch <AXI_LITE_IPIF_I/I_SLAVE_ATTACHMENT/s_axi_rdata_i_11> has a constant value of 0 in block <oled>. This FF/Latch will be trimmed during the optimization process.
WARNING:Xst:1896 - Due to other FF/Latch trimming, FF/Latch <AXI_LITE_IPIF_I/I_SLAVE_ATTACHMENT/s_axi_rdata_i_12> has a constant value of 0 in block <oled>. This FF/Latch will be trimmed during the optimization process.
WARNING:Xst:1896 - Due to other FF/Latch trimming, FF/Latch <AXI_LITE_IPIF_I/I_SLAVE_ATTACHMENT/s_axi_rdata_i_13> has a constant value of 0 in block <oled>. This FF/Latch will be trimmed during the optimization process.
WARNING:Xst:1896 - Due to other FF/Latch trimming, FF/Latch <AXI_LITE_IPIF_I/I_SLAVE_ATTACHMENT/s_axi_rdata_i_14> has a constant value of 0 in block <oled>. This FF/Latch will be trimmed during the optimization process.
WARNING:Xst:1896 - Due to other FF/Latch trimming, FF/Latch <AXI_LITE_IPIF_I/I_SLAVE_ATTACHMENT/s_axi_rdata_i_15> has a constant value of 0 in block <oled>. This FF/Latch will be trimmed during the optimization process.
WARNING:Xst:1896 - Due to other FF/Latch trimming, FF/Latch <AXI_LITE_IPIF_I/I_SLAVE_ATTACHMENT/s_axi_rdata_i_16> has a constant value of 0 in block <oled>. This FF/Latch will be trimmed during the optimization process.
WARNING:Xst:1896 - Due to other FF/Latch trimming, FF/Latch <AXI_LITE_IPIF_I/I_SLAVE_ATTACHMENT/s_axi_rdata_i_17> has a constant value of 0 in block <oled>. This FF/Latch will be trimmed during the optimization process.
WARNING:Xst:1896 - Due to other FF/Latch trimming, FF/Latch <AXI_LITE_IPIF_I/I_SLAVE_ATTACHMENT/s_axi_rdata_i_18> has a constant value of 0 in block <oled>. This FF/Latch will be trimmed during the optimization process.
WARNING:Xst:1896 - Due to other FF/Latch trimming, FF/Latch <AXI_LITE_IPIF_I/I_SLAVE_ATTACHMENT/s_axi_rdata_i_19> has a constant value of 0 in block <oled>. This FF/Latch will be trimmed during the optimization process.
WARNING:Xst:1896 - Due to other FF/Latch trimming, FF/Latch <AXI_LITE_IPIF_I/I_SLAVE_ATTACHMENT/s_axi_rdata_i_20> has a constant value of 0 in block <oled>. This FF/Latch will be trimmed during the optimization process.
WARNING:Xst:1896 - Due to other FF/Latch trimming, FF/Latch <AXI_LITE_IPIF_I/I_SLAVE_ATTACHMENT/s_axi_rdata_i_21> has a constant value of 0 in block <oled>. This FF/Latch will be trimmed during the optimization process.
WARNING:Xst:1896 - Due to other FF/Latch trimming, FF/Latch <AXI_LITE_IPIF_I/I_SLAVE_ATTACHMENT/s_axi_rdata_i_22> has a constant value of 0 in block <oled>. This FF/Latch will be trimmed during the optimization process.
WARNING:Xst:1896 - Due to other FF/Latch trimming, FF/Latch <AXI_LITE_IPIF_I/I_SLAVE_ATTACHMENT/s_axi_rdata_i_23> has a constant value of 0 in block <oled>. This FF/Latch will be trimmed during the optimization process.
WARNING:Xst:1896 - Due to other FF/Latch trimming, FF/Latch <AXI_LITE_IPIF_I/I_SLAVE_ATTACHMENT/s_axi_rdata_i_24> has a constant value of 0 in block <oled>. This FF/Latch will be trimmed during the optimization process.
WARNING:Xst:1896 - Due to other FF/Latch trimming, FF/Latch <AXI_LITE_IPIF_I/I_SLAVE_ATTACHMENT/s_axi_rdata_i_25> has a constant value of 0 in block <oled>. This FF/Latch will be trimmed during the optimization process.
WARNING:Xst:1896 - Due to other FF/Latch trimming, FF/Latch <AXI_LITE_IPIF_I/I_SLAVE_ATTACHMENT/s_axi_rdata_i_26> has a constant value of 0 in block <oled>. This FF/Latch will be trimmed during the optimization process.
WARNING:Xst:1896 - Due to other FF/Latch trimming, FF/Latch <AXI_LITE_IPIF_I/I_SLAVE_ATTACHMENT/s_axi_rdata_i_27> has a constant value of 0 in block <oled>. This FF/Latch will be trimmed during the optimization process.
WARNING:Xst:1896 - Due to other FF/Latch trimming, FF/Latch <AXI_LITE_IPIF_I/I_SLAVE_ATTACHMENT/s_axi_rdata_i_28> has a constant value of 0 in block <oled>. This FF/Latch will be trimmed during the optimization process.
WARNING:Xst:1896 - Due to other FF/Latch trimming, FF/Latch <AXI_LITE_IPIF_I/I_SLAVE_ATTACHMENT/s_axi_rdata_i_29> has a constant value of 0 in block <oled>. This FF/Latch will be trimmed during the optimization process.
WARNING:Xst:1896 - Due to other FF/Latch trimming, FF/Latch <AXI_LITE_IPIF_I/I_SLAVE_ATTACHMENT/s_axi_rdata_i_30> has a constant value of 0 in block <oled>. This FF/Latch will be trimmed during the optimization process.
WARNING:Xst:1896 - Due to other FF/Latch trimming, FF/Latch <AXI_LITE_IPIF_I/I_SLAVE_ATTACHMENT/s_axi_rdata_i_31> has a constant value of 0 in block <oled>. This FF/Latch will be trimmed during the optimization process.
WARNING:Xst:2677 - Node <USER_LOGIC_I/slv_reg0_6> of sequential type is unconnected in block <oled>.
WARNING:Xst:2677 - Node <USER_LOGIC_I/slv_reg0_7> of sequential type is unconnected in block <oled>.
WARNING:Xst:2677 - Node <USER_LOGIC_I/slv_reg0_8> of sequential type is unconnected in block <oled>.
WARNING:Xst:2677 - Node <USER_LOGIC_I/slv_reg0_9> of sequential type is unconnected in block <oled>.
WARNING:Xst:2677 - Node <USER_LOGIC_I/slv_reg0_10> of sequential type is unconnected in block <oled>.
WARNING:Xst:2677 - Node <USER_LOGIC_I/slv_reg0_11> of sequential type is unconnected in block <oled>.
WARNING:Xst:2677 - Node <USER_LOGIC_I/slv_reg0_12> of sequential type is unconnected in block <oled>.
WARNING:Xst:2677 - Node <USER_LOGIC_I/slv_reg0_13> of sequential type is unconnected in block <oled>.
WARNING:Xst:2677 - Node <USER_LOGIC_I/slv_reg0_14> of sequential type is unconnected in block <oled>.
WARNING:Xst:2677 - Node <USER_LOGIC_I/slv_reg0_15> of sequential type is unconnected in block <oled>.
WARNING:Xst:2677 - Node <USER_LOGIC_I/slv_reg0_16> of sequential type is unconnected in block <oled>.
WARNING:Xst:2677 - Node <USER_LOGIC_I/slv_reg0_17> of sequential type is unconnected in block <oled>.
WARNING:Xst:2677 - Node <USER_LOGIC_I/slv_reg0_18> of sequential type is unconnected in block <oled>.
WARNING:Xst:2677 - Node <USER_LOGIC_I/slv_reg0_19> of sequential type is unconnected in block <oled>.
WARNING:Xst:2677 - Node <USER_LOGIC_I/slv_reg0_20> of sequential type is unconnected in block <oled>.
WARNING:Xst:2677 - Node <USER_LOGIC_I/slv_reg0_21> of sequential type is unconnected in block <oled>.
WARNING:Xst:2677 - Node <USER_LOGIC_I/slv_reg0_22> of sequential type is unconnected in block <oled>.
WARNING:Xst:2677 - Node <USER_LOGIC_I/slv_reg0_23> of sequential type is unconnected in block <oled>.
WARNING:Xst:2677 - Node <USER_LOGIC_I/slv_reg0_24> of sequential type is unconnected in block <oled>.
WARNING:Xst:2677 - Node <USER_LOGIC_I/slv_reg0_25> of sequential type is unconnected in block <oled>.
WARNING:Xst:2677 - Node <USER_LOGIC_I/slv_reg0_26> of sequential type is unconnected in block <oled>.
WARNING:Xst:2677 - Node <USER_LOGIC_I/slv_reg0_27> of sequential type is unconnected in block <oled>.
WARNING:Xst:2677 - Node <USER_LOGIC_I/slv_reg0_28> of sequential type is unconnected in block <oled>.
WARNING:Xst:2677 - Node <USER_LOGIC_I/slv_reg0_29> of sequential type is unconnected in block <oled>.
WARNING:Xst:2677 - Node <USER_LOGIC_I/slv_reg0_30> of sequential type is unconnected in block <oled>.
WARNING:Xst:2677 - Node <USER_LOGIC_I/slv_reg0_31> of sequential type is unconnected in block <oled>.
WARNING:Xst:1293 - FF/Latch <AXI_LITE_IPIF_I/I_SLAVE_ATTACHMENT/s_axi_rresp_i_1> has a constant value of 0 in block <oled>. This FF/Latch will be trimmed during the optimization process.
INFO:Xst:2261 - The FF/Latch <SOFT_RESET_I/sw_rst_cond_d1> in Unit <oled> is equivalent to the following FF/Latch, which will be removed : <SOFT_RESET_I/reset_trig> 

Mapping all equations...
Building and optimizing final netlist ...
Found area constraint ratio of 100 (+ 5) on block oled, actual ratio is 0.

Final Macro Processing ...

=========================================================================
Final Register Report

Macro Statistics
# Registers                                            : 34
 Flip-Flops                                            : 34

=========================================================================

=========================================================================
*                           Partition Report                            *
=========================================================================

Partition Implementation Status
-------------------------------

  No Partitions were found in this design.

-------------------------------

=========================================================================
*                            Design Summary                             *
=========================================================================

Top Level Output File Name         : oled.ngc

Primitive and Black Box Usage:
------------------------------
# BELS                             : 51
#      GND                         : 1
#      INV                         : 1
#      LUT2                        : 10
#      LUT3                        : 9
#      LUT4                        : 3
#      LUT5                        : 16
#      LUT6                        : 8
#      MUXF7                       : 3
# FlipFlops/Latches                : 34
#      FD                          : 20
#      FDR                         : 14
# Clock Buffers                    : 1
#      BUFGP                       : 1
# IO Buffers                       : 77
#      IBUF                        : 30
#      OBUF                        : 47

Device utilization summary:
---------------------------

Selected Device : 7z020clg484-1 


Slice Logic Utilization: 
 Number of Slice Registers:              34  out of  106400     0%  
 Number of Slice LUTs:                   47  out of  53200     0%  
    Number used as Logic:                47  out of  53200     0%  

Slice Logic Distribution: 
 Number of LUT Flip Flop pairs used:     48
   Number with an unused Flip Flop:      14  out of     48    29%  
   Number with an unused LUT:             1  out of     48     2%  
   Number of fully used LUT-FF pairs:    33  out of     48    68%  
   Number of unique control sets:         3

IO Utilization: 
 Number of IOs:                         154
 Number of bonded IOBs:                  78  out of    200    39%  

Specific Feature Utilization:
 Number of BUFG/BUFGCTRLs:                1  out of     32     3%  

---------------------------
Partition Resource Summary:
---------------------------

  No Partitions were found in this design.

---------------------------


=========================================================================
Timing Report

NOTE: THESE TIMING NUMBERS ARE ONLY A SYNTHESIS ESTIMATE.
      FOR ACCURATE TIMING INFORMATION PLEASE REFER TO THE TRACE REPORT
      GENERATED AFTER PLACE-and-ROUTE.

Clock Information:
------------------
-----------------------------------+------------------------+-------+
Clock Signal                       | Clock buffer(FF name)  | Load  |
-----------------------------------+------------------------+-------+
S_AXI_ACLK                         | BUFGP                  | 34    |
-----------------------------------+------------------------+-------+

Asynchronous Control Signals Information:
----------------------------------------
No asynchronous control signals found in this design

Timing Summary:
---------------
Speed Grade: -1

   Minimum period: 1.616ns (Maximum Frequency: 618.812MHz)
   Minimum input arrival time before clock: 2.336ns
   Maximum output required time after clock: 1.416ns
   Maximum combinational path delay: No path found

Timing Details:
---------------
All values displayed in nanoseconds (ns)

=========================================================================
Timing constraint: Default period analysis for Clock 'S_AXI_ACLK'
  Clock period: 1.616ns (frequency: 618.812MHz)
  Total number of paths / destination ports: 123 / 38
-------------------------------------------------------------------------
Delay:               1.616ns (Levels of Logic = 2)
  Source:            SOFT_RESET_I/RESET_FLOPS[7].RST_FLOPS (FF)
  Destination:       USER_LOGIC_I/slv_reg0_5 (FF)
  Source Clock:      S_AXI_ACLK rising
  Destination Clock: S_AXI_ACLK rising

  Data Path: SOFT_RESET_I/RESET_FLOPS[7].RST_FLOPS to USER_LOGIC_I/slv_reg0_5
                                Gate     Net
    Cell:in->out      fanout   Delay   Delay  Logical Name (Net Name)
    ----------------------------------------  ------------
     FDR:C->Q              8   0.282   0.459  SOFT_RESET_I/RESET_FLOPS[7].RST_FLOPS (SOFT_RESET_I/flop_q_chain<8>)
     LUT2:I1->O            6   0.053   0.758  SOFT_RESET_I/Reset2IP_Reset1 (USER_LOGIC_I/Bus2IP_Resetn_inv)
     LUT5:I0->O            1   0.053   0.000  USER_LOGIC_I/slv_reg0_5_rstpot (USER_LOGIC_I/slv_reg0_5_rstpot)
     FD:D                      0.011          USER_LOGIC_I/slv_reg0_5
    ----------------------------------------
    Total                      1.616ns (0.399ns logic, 1.217ns route)
                                       (24.7% logic, 75.3% route)

=========================================================================
Timing constraint: Default OFFSET IN BEFORE for Clock 'S_AXI_ACLK'
  Total number of paths / destination ports: 77 / 30
-------------------------------------------------------------------------
Offset:              2.336ns (Levels of Logic = 5)
  Source:            S_AXI_ARADDR<4> (PAD)
  Destination:       AXI_LITE_IPIF_I/I_SLAVE_ATTACHMENT/I_DECODER/ce_out_i_0 (FF)
  Destination Clock: S_AXI_ACLK rising

  Data Path: S_AXI_ARADDR<4> to AXI_LITE_IPIF_I/I_SLAVE_ATTACHMENT/I_DECODER/ce_out_i_0
                                Gate     Net
    Cell:in->out      fanout   Delay   Delay  Logical Name (Net Name)
    ----------------------------------------  ------------
     IBUF:I->O             1   0.000   0.739  S_AXI_ARADDR_4_IBUF (S_AXI_ARADDR_4_IBUF)
     LUT6:I0->O            1   0.053   0.000  AXI_LITE_IPIF_I/I_SLAVE_ATTACHMENT/I_DECODER/MEM_DECODE_GEN[0].GEN_FOR_MULTI_CS.MEM_SELECT_I/Mmux_CS14_G (N11)
     MUXF7:I1->O           1   0.217   0.725  AXI_LITE_IPIF_I/I_SLAVE_ATTACHMENT/I_DECODER/MEM_DECODE_GEN[0].GEN_FOR_MULTI_CS.MEM_SELECT_I/Mmux_CS14 (AXI_LITE_IPIF_I/I_SLAVE_ATTACHMENT/I_DECODER/MEM_DECODE_GEN[0].GEN_FOR_MULTI_CS.MEM_SELECT_I/Mmux_CS13)
     LUT5:I0->O            1   0.053   0.485  AXI_LITE_IPIF_I/I_SLAVE_ATTACHMENT/I_DECODER/MEM_DECODE_GEN[0].GEN_FOR_MULTI_CS.MEM_SELECT_I/Mmux_CS16 (AXI_LITE_IPIF_I/I_SLAVE_ATTACHMENT/I_DECODER/pselect_hit_i<0>)
     LUT6:I4->O            1   0.053   0.000  AXI_LITE_IPIF_I/I_SLAVE_ATTACHMENT/I_DECODER/ce_out_i_0_rstpot (AXI_LITE_IPIF_I/I_SLAVE_ATTACHMENT/I_DECODER/ce_out_i_0_rstpot)
     FD:D                      0.011          AXI_LITE_IPIF_I/I_SLAVE_ATTACHMENT/I_DECODER/ce_out_i_0
    ----------------------------------------
    Total                      2.336ns (0.387ns logic, 1.949ns route)
                                       (16.6% logic, 83.4% route)

=========================================================================
Timing constraint: Default OFFSET OUT AFTER for Clock 'S_AXI_ACLK'
  Total number of paths / destination ports: 20 / 12
-------------------------------------------------------------------------
Offset:              1.416ns (Levels of Logic = 2)
  Source:            AXI_LITE_IPIF_I/I_SLAVE_ATTACHMENT/INCLUDE_DPHASE_TIMER.dpto_cnt_3 (FF)
  Destination:       S_AXI_WREADY (PAD)
  Source Clock:      S_AXI_ACLK rising

  Data Path: AXI_LITE_IPIF_I/I_SLAVE_ATTACHMENT/INCLUDE_DPHASE_TIMER.dpto_cnt_3 to S_AXI_WREADY
                                Gate     Net
    Cell:in->out      fanout   Delay   Delay  Logical Name (Net Name)
    ----------------------------------------  ------------
     FD:C->Q               6   0.282   0.668  AXI_LITE_IPIF_I/I_SLAVE_ATTACHMENT/INCLUDE_DPHASE_TIMER.dpto_cnt_3 (AXI_LITE_IPIF_I/I_SLAVE_ATTACHMENT/INCLUDE_DPHASE_TIMER.dpto_cnt_3)
     LUT4:I0->O            3   0.053   0.413  AXI_LITE_IPIF_I/I_SLAVE_ATTACHMENT/wr_done2 (S_AXI_AWREADY_OBUF)
     OBUF:I->O                 0.000          S_AXI_WREADY_OBUF (S_AXI_WREADY)
    ----------------------------------------
    Total                      1.416ns (0.335ns logic, 1.081ns route)
                                       (23.7% logic, 76.3% route)

=========================================================================

Cross Clock Domains Report:
--------------------------

Clock to Setup on destination clock S_AXI_ACLK
---------------+---------+---------+---------+---------+
               | Src:Rise| Src:Fall| Src:Rise| Src:Fall|
Source Clock   |Dest:Rise|Dest:Rise|Dest:Fall|Dest:Fall|
---------------+---------+---------+---------+---------+
S_AXI_ACLK     |    1.616|         |         |         |
---------------+---------+---------+---------+---------+

=========================================================================


Total REAL time to Xst completion: 11.00 secs
Total CPU time to Xst completion: 10.61 secs
 
--> 

Total memory usage is 470616 kilobytes

Number of errors   :    0 (   0 filtered)
Number of warnings :   74 (   0 filtered)
Number of infos    :    8 (   0 filtered)

